<?xml version="1.0" encoding="UTF-8"?>
<!-- Generated by org.testng.reporters.JUnitXMLReporter -->
<testsuite ignored="0" hostname="Sanjay-PC" failures="0" tests="3" name="Test" time="10.574" errors="0" timestamp="2021-09-25T01:33:57 IST">
  <testcase classname="com.fta.tests.HomepageTest" name="test2" time="1.002"/>
  <testcase classname="com.fta.tests.HomepageTest" name="test1" time="2.701"/>
  <testcase classname="com.fta.tests.HomepageTest" name="test3" time="1.274"/>
</testsuite> <!-- Test -->
