<?xml version="1.0" encoding="UTF-8"?>
<testng-results ignored="0" total="1" passed="1" failed="0" skipped="0">
  <reporter-output>
  </reporter-output>
  <suite started-at="2021-09-29T23:54:47 IST" name="Default suite" finished-at="2021-09-29T23:54:53 IST" duration-ms="5898">
    <groups>
    </groups>
    <test started-at="2021-09-29T23:54:47 IST" name="Default test" finished-at="2021-09-29T23:54:53 IST" duration-ms="5898">
      <class name="com.fta.tests.HomepageTest">
        <test-method is-config="true" signature="setup()[pri:0, instance:com.fta.tests.HomepageTest@26275bef]" started-at="2021-09-29T23:54:47 IST" name="setup" finished-at="2021-09-29T23:54:50 IST" duration-ms="3355" status="PASS">
          <reporter-output>
          </reporter-output>
        </test-method> <!-- setup -->
        <test-method signature="test1()[pri:0, instance:com.fta.tests.HomepageTest@26275bef]" started-at="2021-09-29T23:54:50 IST" name="test1" finished-at="2021-09-29T23:54:52 IST" duration-ms="1891" status="PASS">
          <reporter-output>
          </reporter-output>
        </test-method> <!-- test1 -->
        <test-method is-config="true" signature="tearDown()[pri:0, instance:com.fta.tests.HomepageTest@26275bef]" started-at="2021-09-29T23:54:52 IST" name="tearDown" finished-at="2021-09-29T23:54:53 IST" duration-ms="598" status="PASS">
          <reporter-output>
          </reporter-output>
        </test-method> <!-- tearDown -->
      </class> <!-- com.fta.tests.HomepageTest -->
    </test> <!-- Default test -->
  </suite> <!-- Default suite -->
</testng-results>
